INFO [2025-04-13 12:44:23] Task started: basic/violin.
$extra
$extra$box
[1] TRUE

$extra$outlineColor
[1] "#000000"

$extra$position
list()

$extra$pval
[1] "signif"

$extra$removeOutliers
[1] TRUE


$general
$general$alpha
[1] 1

$general$axisTextFontSize
[1] 10

$general$axisTitleSize
[1] 12

$general$font
[1] "Arial"

$general$imageExportType
$general$imageExportType[[1]]
[1] "jpeg"

$general$imageExportType[[2]]
[1] "pdf"


$general$legendDir
[1] "vertical"

$general$legendPos
[1] "right"

$general$legendTextSize
[1] 10

$general$legendTitleSize
[1] 10

$general$palette
[1] "lancet"

$general$size_height
[1] 4.5

$general$size_width
[1] 5.5

$general$theme
[1] "theme_bw"

$general$title
[1] ""

$general$titleSize
[1] 12

$general$xAxisHjust
[1] 0.5

$general$xAxisTextAngle
[1] 0

$general$xAxisVjust
[1] 1

$general$ybreaks
[1] ""


INFO [2025-04-13 12:44:23] Reading data
  APTT subphenotype
1 42.5            0
2 32.7            0
3 37.1            0
4 30.4            0
5 23.2            0
6 32.3            0
INFO [2025-04-13 12:44:24] Analysing
INFO [2025-04-13 12:44:33] Plotting
INFO [2025-04-13 12:44:33] Outputting
INFO [2025-04-13 12:44:34] Task done: basic/violin.

INFO [2025-04-13 12:45:54] Task started: basic/violin.
$extra
$extra$box
[1] TRUE

$extra$outlineColor
[1] "#000000"

$extra$position
list()

$extra$pval
[1] "signif"

$extra$removeOutliers
[1] TRUE


$general
$general$alpha
[1] 1

$general$axisTextFontSize
[1] 10

$general$axisTitleSize
[1] 12

$general$font
[1] "Arial"

$general$imageExportType
$general$imageExportType[[1]]
[1] "jpeg"

$general$imageExportType[[2]]
[1] "pdf"


$general$legendDir
[1] "vertical"

$general$legendPos
[1] "right"

$general$legendTextSize
[1] 10

$general$legendTitleSize
[1] 10

$general$palette
[1] "lancet"

$general$size_height
[1] 4.5

$general$size_width
[1] 5.5

$general$theme
[1] "theme_bw"

$general$title
[1] ""

$general$titleSize
[1] 12

$general$xAxisHjust
[1] 0.5

$general$xAxisTextAngle
[1] 0

$general$xAxisVjust
[1] 1

$general$ybreaks
[1] ""


INFO [2025-04-13 12:45:54] Reading data
  APTT hierarchy
1 42.5         2
2 32.7         3
3 37.1         3
4 30.4         2
5 23.2         2
6 32.3         3
INFO [2025-04-13 12:45:54] Analysing
INFO [2025-04-13 12:45:58] Plotting
INFO [2025-04-13 12:45:58] Outputting
INFO [2025-04-13 12:45:59] Task done: basic/violin.

INFO [2025-04-13 12:46:33] Task started: basic/violin.
$extra
$extra$box
[1] TRUE

$extra$outlineColor
[1] "#000000"

$extra$position
list()

$extra$pval
[1] "signif"

$extra$removeOutliers
[1] TRUE


$general
$general$alpha
[1] 1

$general$axisTextFontSize
[1] 10

$general$axisTitleSize
[1] 12

$general$font
[1] "Arial"

$general$imageExportType
$general$imageExportType[[1]]
[1] "jpeg"

$general$imageExportType[[2]]
[1] "pdf"


$general$legendDir
[1] "vertical"

$general$legendPos
[1] "right"

$general$legendTextSize
[1] 10

$general$legendTitleSize
[1] 10

$general$palette
[1] "lancet"

$general$size_height
[1] 4.5

$general$size_width
[1] 5.5

$general$theme
[1] "theme_bw"

$general$title
[1] ""

$general$titleSize
[1] 12

$general$xAxisHjust
[1] 0.5

$general$xAxisTextAngle
[1] 0

$general$xAxisVjust
[1] 1

$general$ybreaks
[1] ""


INFO [2025-04-13 12:46:33] Reading data
  INR hierarchy
1 1.8         2
2 1.8         3
3 1.4         3
4 1.4         2
5 1.4         2
6 1.8         3
INFO [2025-04-13 12:46:33] Analysing
INFO [2025-04-13 12:46:38] Plotting
INFO [2025-04-13 12:46:38] Outputting
INFO [2025-04-13 12:46:38] Task done: basic/violin.

INFO [2025-04-13 12:47:01] Task started: basic/violin.
$extra
$extra$box
[1] TRUE

$extra$outlineColor
[1] "#000000"

$extra$position
list()

$extra$pval
[1] "signif"

$extra$removeOutliers
[1] TRUE


$general
$general$alpha
[1] 1

$general$axisTextFontSize
[1] 10

$general$axisTitleSize
[1] 12

$general$font
[1] "Arial"

$general$imageExportType
$general$imageExportType[[1]]
[1] "jpeg"

$general$imageExportType[[2]]
[1] "pdf"


$general$legendDir
[1] "vertical"

$general$legendPos
[1] "right"

$general$legendTextSize
[1] 10

$general$legendTitleSize
[1] 10

$general$palette
[1] "lancet"

$general$size_height
[1] 4.5

$general$size_width
[1] 5.5

$general$theme
[1] "theme_bw"

$general$title
[1] ""

$general$titleSize
[1] 12

$general$xAxisHjust
[1] 0.5

$general$xAxisTextAngle
[1] 0

$general$xAxisVjust
[1] 1

$general$ybreaks
[1] ""


INFO [2025-04-13 12:47:01] Reading data
  Lymphocytes hierarchy
1       0.342         2
2       1.792         3
3       0.609         3
4       0.323         2
5       3.796         2
6       0.616         3
INFO [2025-04-13 12:47:01] Analysing
INFO [2025-04-13 12:47:07] Plotting
INFO [2025-04-13 12:47:07] Outputting
INFO [2025-04-13 12:47:07] Task done: basic/violin.

INFO [2025-04-13 12:47:27] Task started: basic/violin.
$extra
$extra$box
[1] TRUE

$extra$outlineColor
[1] "#000000"

$extra$position
list()

$extra$pval
[1] "signif"

$extra$removeOutliers
[1] TRUE


$general
$general$alpha
[1] 1

$general$axisTextFontSize
[1] 10

$general$axisTitleSize
[1] 12

$general$font
[1] "Arial"

$general$imageExportType
$general$imageExportType[[1]]
[1] "jpeg"

$general$imageExportType[[2]]
[1] "pdf"


$general$legendDir
[1] "vertical"

$general$legendPos
[1] "right"

$general$legendTextSize
[1] 10

$general$legendTitleSize
[1] 10

$general$palette
[1] "lancet"

$general$size_height
[1] 4.5

$general$size_width
[1] 5.5

$general$theme
[1] "theme_bw"

$general$title
[1] ""

$general$titleSize
[1] 12

$general$xAxisHjust
[1] 0.5

$general$xAxisTextAngle
[1] 0

$general$xAxisVjust
[1] 1

$general$ybreaks
[1] ""


INFO [2025-04-13 12:47:27] Reading data
  Monocytes hierarchy
1    0.4902         2
2    0.8960         3
3    0.4350         3
4    0.1444         2
5    0.5840         2
6    0.0560         3
INFO [2025-04-13 12:47:27] Analysing
INFO [2025-04-13 12:47:32] Plotting
INFO [2025-04-13 12:47:33] Outputting
INFO [2025-04-13 12:47:33] Task done: basic/violin.

INFO [2025-04-13 12:47:57] Task started: basic/violin.
$extra
$extra$box
[1] TRUE

$extra$outlineColor
[1] "#000000"

$extra$position
list()

$extra$pval
[1] "signif"

$extra$removeOutliers
[1] TRUE


$general
$general$alpha
[1] 1

$general$axisTextFontSize
[1] 10

$general$axisTitleSize
[1] 12

$general$font
[1] "Arial"

$general$imageExportType
$general$imageExportType[[1]]
[1] "jpeg"

$general$imageExportType[[2]]
[1] "pdf"


$general$legendDir
[1] "vertical"

$general$legendPos
[1] "right"

$general$legendTextSize
[1] 10

$general$legendTitleSize
[1] 10

$general$palette
[1] "lancet"

$general$size_height
[1] 4.5

$general$size_width
[1] 5.5

$general$theme
[1] "theme_bw"

$general$title
[1] ""

$general$titleSize
[1] 12

$general$xAxisHjust
[1] 0.5

$general$xAxisTextAngle
[1] 0

$general$xAxisVjust
[1] 1

$general$ybreaks
[1] ""


INFO [2025-04-13 12:47:57] Reading data
  Neutrophils hierarchy
1      4.8051         2
2     16.3520         3
3      0.2610         3
4      3.2832         2
5      7.0080         2
6      0.0960         3
INFO [2025-04-13 12:47:57] Analysing
INFO [2025-04-13 12:48:03] Plotting
INFO [2025-04-13 12:48:03] Outputting
INFO [2025-04-13 12:48:04] Task done: basic/violin.

INFO [2025-04-13 12:48:36] Task started: basic/violin.
$extra
$extra$box
[1] TRUE

$extra$outlineColor
[1] "#000000"

$extra$position
list()

$extra$pval
[1] "signif"

$extra$removeOutliers
[1] TRUE


$general
$general$alpha
[1] 1

$general$axisTextFontSize
[1] 10

$general$axisTitleSize
[1] 12

$general$font
[1] "Arial"

$general$imageExportType
$general$imageExportType[[1]]
[1] "jpeg"

$general$imageExportType[[2]]
[1] "pdf"


$general$legendDir
[1] "vertical"

$general$legendPos
[1] "right"

$general$legendTextSize
[1] 10

$general$legendTitleSize
[1] 10

$general$palette
[1] "lancet"

$general$size_height
[1] 4.5

$general$size_width
[1] 5.5

$general$theme
[1] "theme_bw"

$general$title
[1] ""

$general$titleSize
[1] 12

$general$xAxisHjust
[1] 0.5

$general$xAxisTextAngle
[1] 0

$general$xAxisVjust
[1] 1

$general$ybreaks
[1] ""


INFO [2025-04-13 12:48:36] Reading data
  WhiteBloodCells hierarchy
1             5.7         2
2            22.4         3
3             8.7         3
4             3.8         2
5            14.6         2
6             0.8         3
INFO [2025-04-13 12:48:36] Analysing
INFO [2025-04-13 12:48:41] Plotting
INFO [2025-04-13 12:48:41] Outputting
INFO [2025-04-13 12:48:42] Task done: basic/violin.

