INFO [2025-04-14 01:08:32] Task started: basic/chord.
$extra
$extra$direction_type
[1] "diffHeight"

$extra$directional
[1] 2

$extra$dist_label
[1] 0.2

$extra$dist_name
[1] 3

$extra$hide_axis
[1] FALSE

$extra$hide_grid
[1] FALSE

$extra$hide_name
[1] FALSE

$extra$label_dir
[1] "hor"

$extra$link_visible
[1] TRUE

$extra$scale
[1] FALSE

$extra$width_circle
[1] 3


$general
$general$alpha
[1] 0.6

$general$imageExportType
$general$imageExportType[[1]]
[1] "jpeg"

$general$imageExportType[[2]]
[1] "pdf"


$general$palette
[1] "tron"

$general$size_height
[1] 5

$general$size_width
[1] 5


INFO [2025-04-14 01:08:32] Reading data
                    V1 GMM-1(17.62%) GMM-2(32.09%)
1 Coagulation/Immunity       0.55992       0.84556
2   Arterial Blood Gas       0.54714       0.70465
3          Erythrocyte       0.23648       0.34884
4               Kidney       0.62751       0.71163
5                Liver       0.34488       0.57070
INFO [2025-04-14 01:08:33] Analysing
INFO [2025-04-14 01:08:33] Plotting
INFO [2025-04-14 01:08:33] Outputting
INFO [2025-04-14 01:08:34] Task done: basic/chord.

INFO [2025-04-14 01:09:09] Task started: basic/chord.
$extra
$extra$direction_type
[1] "diffHeight"

$extra$directional
[1] 2

$extra$dist_label
[1] 0.2

$extra$dist_name
[1] 3

$extra$hide_axis
[1] FALSE

$extra$hide_grid
[1] FALSE

$extra$hide_name
[1] FALSE

$extra$label_dir
[1] "hor"

$extra$link_visible
[1] TRUE

$extra$scale
[1] FALSE

$extra$width_circle
[1] 3


$general
$general$alpha
[1] 0.6

$general$imageExportType
$general$imageExportType[[1]]
[1] "jpeg"

$general$imageExportType[[2]]
[1] "pdf"


$general$palette
[1] "tron"

$general$size_height
[1] 5

$general$size_width
[1] 5


INFO [2025-04-14 01:09:09] Reading data
                    V1 HAC-1(20.12%) HAC-2(23.00%)
1 Coagulation/Immunity       0.61515          0.79
2   Arterial Blood Gas       0.57420          0.61
3          Erythrocyte       0.25672          0.26
4               Kidney       0.64113          0.68
5                Liver       0.37913          0.43
INFO [2025-04-14 01:09:09] Analysing
INFO [2025-04-14 01:09:09] Plotting
INFO [2025-04-14 01:09:09] Outputting
INFO [2025-04-14 01:09:09] Task done: basic/chord.

INFO [2025-04-14 01:09:40] Task started: basic/chord.
$extra
$extra$direction_type
[1] "diffHeight"

$extra$directional
[1] 2

$extra$dist_label
[1] 0.2

$extra$dist_name
[1] 3

$extra$hide_axis
[1] FALSE

$extra$hide_grid
[1] FALSE

$extra$hide_name
[1] FALSE

$extra$label_dir
[1] "hor"

$extra$link_visible
[1] TRUE

$extra$scale
[1] FALSE

$extra$width_circle
[1] 3


$general
$general$alpha
[1] 0.6

$general$imageExportType
$general$imageExportType[[1]]
[1] "jpeg"

$general$imageExportType[[2]]
[1] "pdf"


$general$palette
[1] "tron"

$general$size_height
[1] 5

$general$size_width
[1] 5


INFO [2025-04-14 01:09:40] Reading data
                    V1 Kmeans-1(19.79%) Kmeans-2(29.06%)
1 Coagulation/Immunity          0.61224          0.82051
2   Arterial Blood Gas          0.57320          0.62393
3          Erythrocyte          0.25377          0.31624
4               Kidney          0.63842          0.72650
5                Liver          0.37533          0.49573
INFO [2025-04-14 01:09:40] Analysing
INFO [2025-04-14 01:09:40] Plotting
INFO [2025-04-14 01:09:40] Outputting
INFO [2025-04-14 01:09:40] Task done: basic/chord.

INFO [2025-04-14 01:10:17] Task started: basic/chord.
$extra
$extra$direction_type
[1] "diffHeight"

$extra$directional
[1] 2

$extra$dist_label
[1] 0.2

$extra$dist_name
[1] 3

$extra$hide_axis
[1] FALSE

$extra$hide_grid
[1] FALSE

$extra$hide_name
[1] FALSE

$extra$label_dir
[1] "hor"

$extra$link_visible
[1] TRUE

$extra$scale
[1] FALSE

$extra$width_circle
[1] 3


$general
$general$alpha
[1] 0.6

$general$imageExportType
$general$imageExportType[[1]]
[1] "jpeg"

$general$imageExportType[[2]]
[1] "pdf"


$general$palette
[1] "tron"

$general$size_height
[1] 5

$general$size_width
[1] 5


INFO [2025-04-14 01:10:17] Reading data
                    V1 MiniBatchKMeans-1(19.56%) MiniBatchKMeans-2(30.99%)
1 Coagulation/Immunity                   0.60969                   0.82394
2   Arterial Blood Gas                   0.56976                   0.66901
3          Erythrocyte                   0.25348                   0.30986
4               Kidney                   0.63751                   0.72535
5                Liver                   0.37371                   0.50000
INFO [2025-04-14 01:10:17] Analysing
INFO [2025-04-14 01:10:17] Plotting
INFO [2025-04-14 01:10:17] Outputting
INFO [2025-04-14 01:10:18] Task done: basic/chord.

INFO [2025-04-14 01:10:45] Task started: basic/chord.
$extra
$extra$direction_type
[1] "diffHeight"

$extra$directional
[1] 2

$extra$dist_label
[1] 0.2

$extra$dist_name
[1] 3

$extra$hide_axis
[1] FALSE

$extra$hide_grid
[1] FALSE

$extra$hide_name
[1] FALSE

$extra$label_dir
[1] "hor"

$extra$link_visible
[1] TRUE

$extra$scale
[1] FALSE

$extra$width_circle
[1] 3


$general
$general$alpha
[1] 0.6

$general$imageExportType
$general$imageExportType[[1]]
[1] "jpeg"

$general$imageExportType[[2]]
[1] "pdf"


$general$palette
[1] "tron"

$general$size_height
[1] 5

$general$size_width
[1] 5


INFO [2025-04-14 01:10:45] Reading data
                    V1 Birch-1(20.14%) Birch-2(22.68%)
1 Coagulation/Immunity         0.61522         0.79381
2   Arterial Blood Gas         0.57432         0.60825
3          Erythrocyte         0.25726         0.24742
4               Kidney         0.64160         0.67010
5                Liver         0.37951         0.42268
INFO [2025-04-14 01:10:45] Analysing
INFO [2025-04-14 01:10:45] Plotting
INFO [2025-04-14 01:10:45] Outputting
INFO [2025-04-14 01:10:46] Task done: basic/chord.

