INFO [2025-04-14 01:08:32] Task started: basic/chord.
$extra
$extra$direction_type
[1] "diffHeight"

$extra$directional
[1] 2

$extra$dist_label
[1] 0.2

$extra$dist_name
[1] 3

$extra$hide_axis
[1] FALSE

$extra$hide_grid
[1] FALSE

$extra$hide_name
[1] FALSE

$extra$label_dir
[1] "hor"

$extra$link_visible
[1] TRUE

$extra$scale
[1] FALSE

$extra$width_circle
[1] 3


$general
$general$alpha
[1] 0.6

$general$imageExportType
$general$imageExportType[[1]]
[1] "jpeg"

$general$imageExportType[[2]]
[1] "pdf"


$general$palette
[1] "tron"

$general$size_height
[1] 5

$general$size_width
[1] 5


INFO [2025-04-14 01:08:32] Reading data
                    V1 GMM-1(17.62%) GMM-2(32.09%)
1 Coagulation/Immunity       0.55992       0.84556
2   Arterial Blood Gas       0.54714       0.70465
3          Erythrocyte       0.23648       0.34884
4               Kidney       0.62751       0.71163
5                Liver       0.34488       0.57070
INFO [2025-04-14 01:08:33] Analysing
INFO [2025-04-14 01:08:33] Plotting
INFO [2025-04-14 01:08:33] Outputting
INFO [2025-04-14 01:08:34] Task done: basic/chord.

