INFO [2025-04-13 13:08:10] Task started: basic/Network_Igraph.
INFO [2025-04-13 13:08:10] Reading data
  id       media media.type         type.label weight
1  1     Lactate          4 Arterial Blood Gas      1
2  2          pH          4 Arterial Blood Gas      1
3  3   Anion Gap          4 Arterial Blood Gas      1
4  4 Bicarbonate          4 Arterial Blood Gas      1
5  5     Calcium          4 Arterial Blood Gas      1
6  6    Chloride          4 Arterial Blood Gas      1
  from to type weight
1    1  8    1      4
2    1 10    1      4
3    1 11    1      4
4    1 15    1      4
5    1 22    1      4
6    1 26    1      4
INFO [2025-04-13 13:08:10] Analysing
INFO [2025-04-13 13:08:10] Plotting
INFO [2025-04-13 13:08:11] Outputting
INFO [2025-04-13 13:08:12] Task done: basic/Network_Igraph.

