INFO [2025-04-13 12:34:09] Task started: basic/violin.
$extra
$extra$box
[1] TRUE

$extra$outlineColor
[1] "#000000"

$extra$position
list()

$extra$pval
[1] "signif"

$extra$removeOutliers
[1] TRUE


$general
$general$alpha
[1] 1

$general$axisTextFontSize
[1] 10

$general$axisTitleSize
[1] 12

$general$font
[1] "Arial"

$general$imageExportType
$general$imageExportType[[1]]
[1] "jpeg"

$general$imageExportType[[2]]
[1] "pdf"


$general$legendDir
[1] "vertical"

$general$legendPos
[1] "right"

$general$legendTextSize
[1] 10

$general$legendTitleSize
[1] 10

$general$palette
[1] "lancet"

$general$size_height
[1] 4.5

$general$size_width
[1] 5.5

$general$theme
[1] "theme_bw"

$general$title
[1] ""

$general$titleSize
[1] 12

$general$xAxisHjust
[1] 0.5

$general$xAxisTextAngle
[1] 0

$general$xAxisVjust
[1] 1

$general$ybreaks
[1] ""


INFO [2025-04-13 12:34:09] Reading data
  Lymphocytes subphenotype
1       0.342            0
2       1.792            0
3       0.609            0
4       0.323            0
5       3.796            0
6       0.616            0
INFO [2025-04-13 12:34:10] Analysing
INFO [2025-04-13 12:34:17] Plotting
INFO [2025-04-13 12:34:18] Outputting
INFO [2025-04-13 12:34:19] Task done: basic/violin.

