INFO [2025-04-13 12:36:03] Task started: basic/violin.
$extra
$extra$box
[1] TRUE

$extra$outlineColor
[1] "#000000"

$extra$position
list()

$extra$pval
[1] "signif"

$extra$removeOutliers
[1] TRUE


$general
$general$alpha
[1] 1

$general$axisTextFontSize
[1] 10

$general$axisTitleSize
[1] 12

$general$font
[1] "Arial"

$general$imageExportType
$general$imageExportType[[1]]
[1] "jpeg"

$general$imageExportType[[2]]
[1] "pdf"


$general$legendDir
[1] "vertical"

$general$legendPos
[1] "right"

$general$legendTextSize
[1] 10

$general$legendTitleSize
[1] 10

$general$palette
[1] "lancet"

$general$size_height
[1] 4.5

$general$size_width
[1] 5.5

$general$theme
[1] "theme_bw"

$general$title
[1] ""

$general$titleSize
[1] 12

$general$xAxisHjust
[1] 0.5

$general$xAxisTextAngle
[1] 0

$general$xAxisVjust
[1] 1

$general$ybreaks
[1] ""


INFO [2025-04-13 12:36:03] Reading data
  Neutrophils subphenotype
1      4.8051            0
2     16.3520            0
3      0.2610            0
4      3.2832            0
5      7.0080            0
6      0.0960            0
INFO [2025-04-13 12:36:04] Analysing
INFO [2025-04-13 12:36:12] Plotting
INFO [2025-04-13 12:36:12] Outputting
INFO [2025-04-13 12:36:13] Task done: basic/violin.

